================================================================================
RandomForestClassifier
================================================================================
--------------------------------------------------------------------------------
df_text_map_idea_max_bert_en_split
--------------------------------------------------------------------------------
Accuracy all     : 1.0000
test_scores      : ['0.4878', '0.5772', '0.5285']
Accuracy cv mean : 0.5312
Accuracy cv std  : 0.0366
Accuracy test    : 0.4301
--------------------------------------------------------------------------------
df_text_map_idea_max_bert_en_tok_split
--------------------------------------------------------------------------------
Accuracy all     : 1.0000
test_scores      : ['0.4634', '0.4797', '0.4634']
Accuracy cv mean : 0.4688
Accuracy cv std  : 0.0077
Accuracy test    : 0.3978
--------------------------------------------------------------------------------
df_text_map_idea_max_bert_en_emb_split
--------------------------------------------------------------------------------
Accuracy all     : 1.0000
test_scores      : ['0.4553', '0.5610', '0.5528']
Accuracy cv mean : 0.5230
Accuracy cv std  : 0.0480
Accuracy test    : 0.4839
--------------------------------------------------------------------------------
df_text_map_idea_max_bert_split
--------------------------------------------------------------------------------
Accuracy all     : 1.0000
test_scores      : ['0.4797', '0.5610', '0.5122']
Accuracy cv mean : 0.5176
Accuracy cv std  : 0.0334
Accuracy test    : 0.4516
--------------------------------------------------------------------------------
df_text_map_idea_max_bert_tok_split
--------------------------------------------------------------------------------
Accuracy all     : 1.0000
test_scores      : ['0.4228', '0.5285', '0.4553']
Accuracy cv mean : 0.4688
Accuracy cv std  : 0.0442
Accuracy test    : 0.4516
--------------------------------------------------------------------------------
df_text_map_idea_max_bert_emb_split
--------------------------------------------------------------------------------
Accuracy all     : 1.0000
test_scores      : ['0.4797', '0.5610', '0.5447']
Accuracy cv mean : 0.5285
Accuracy cv std  : 0.0351
Accuracy test    : 0.3978
--------------------------------------------------------------------------------
df_text_map_idea_max_m2m_split
--------------------------------------------------------------------------------
Accuracy all     : 1.0000
test_scores      : ['0.4715', '0.5366', '0.5691']
Accuracy cv mean : 0.5257
Accuracy cv std  : 0.0406
Accuracy test    : 0.5054
--------------------------------------------------------------------------------
df_text_map_idea_max_m2m_tok_split
--------------------------------------------------------------------------------
Accuracy all     : 1.0000
test_scores      : ['0.4309', '0.5122', '0.4715']
Accuracy cv mean : 0.4715
Accuracy cv std  : 0.0332
Accuracy test    : 0.4409
--------------------------------------------------------------------------------
df_text_map_idea_max_m2m_emb_split
--------------------------------------------------------------------------------
Accuracy all     : 1.0000
test_scores      : ['0.4634', '0.5366', '0.5447']
Accuracy cv mean : 0.5149
Accuracy cv std  : 0.0366
Accuracy test    : 0.5161
