================================================================================
SVC
================================================================================
--------------------------------------------------------------------------------
df_feat_split
--------------------------------------------------------------------------------
Accuracy all     : 0.4959
test_scores      : ['0.3902', '0.3902', '0.4309']
Accuracy cv mean : 0.4038
Accuracy cv std  : 0.0192
Accuracy test    : 0.3763
--------------------------------------------------------------------------------
df_text_split
--------------------------------------------------------------------------------
Accuracy all     : 0.6829
test_scores      : ['0.4390', '0.5285', '0.4634']
Accuracy cv mean : 0.4770
Accuracy cv std  : 0.0377
Accuracy test    : 0.4409
--------------------------------------------------------------------------------
df_feat_text_split
--------------------------------------------------------------------------------
Accuracy all     : 0.6694
test_scores      : ['0.4309', '0.5285', '0.4390']
Accuracy cv mean : 0.4661
Accuracy cv std  : 0.0442
Accuracy test    : 0.4409
--------------------------------------------------------------------------------
df_text_map_split
--------------------------------------------------------------------------------
Accuracy all     : 0.7453
test_scores      : ['0.4065', '0.4228', '0.3740']
Accuracy cv mean : 0.4011
Accuracy cv std  : 0.0203
Accuracy test    : 0.3978
--------------------------------------------------------------------------------
df_text_idea_avg_split
--------------------------------------------------------------------------------
Accuracy all     : 0.6396
test_scores      : ['0.4390', '0.5447', '0.5203']
Accuracy cv mean : 0.5014
Accuracy cv std  : 0.0452
Accuracy test    : 0.4194
--------------------------------------------------------------------------------
df_text_idea_max_split
--------------------------------------------------------------------------------
Accuracy all     : 0.6558
test_scores      : ['0.4472', '0.5691', '0.5447']
Accuracy cv mean : 0.5203
Accuracy cv std  : 0.0527
Accuracy test    : 0.4301
--------------------------------------------------------------------------------
df_text_map_idea_max_split
--------------------------------------------------------------------------------
Accuracy all     : 0.7967
test_scores      : ['0.4228', '0.4959', '0.4878']
Accuracy cv mean : 0.4688
Accuracy cv std  : 0.0327
Accuracy test    : 0.4409
================================================================================
KNeighborsClassifier
================================================================================
--------------------------------------------------------------------------------
df_feat_split
--------------------------------------------------------------------------------
Accuracy all     : 0.5799
test_scores      : ['0.3984', '0.4472', '0.4146']
Accuracy cv mean : 0.4201
Accuracy cv std  : 0.0203
Accuracy test    : 0.4086
--------------------------------------------------------------------------------
df_text_split
--------------------------------------------------------------------------------
Accuracy all     : 0.6098
test_scores      : ['0.4146', '0.4797', '0.4390']
Accuracy cv mean : 0.4444
Accuracy cv std  : 0.0268
Accuracy test    : 0.3333
--------------------------------------------------------------------------------
df_feat_text_split
--------------------------------------------------------------------------------
Accuracy all     : 0.6016
test_scores      : ['0.4146', '0.4390', '0.4309']
Accuracy cv mean : 0.4282
Accuracy cv std  : 0.0101
Accuracy test    : 0.3548
--------------------------------------------------------------------------------
df_text_map_split
--------------------------------------------------------------------------------
Accuracy all     : 0.5122
test_scores      : ['0.3577', '0.3171', '0.3333']
Accuracy cv mean : 0.3360
Accuracy cv std  : 0.0167
Accuracy test    : 0.2903
--------------------------------------------------------------------------------
df_text_idea_avg_split
--------------------------------------------------------------------------------
Accuracy all     : 0.5989
test_scores      : ['0.4390', '0.4472', '0.4390']
Accuracy cv mean : 0.4417
Accuracy cv std  : 0.0038
Accuracy test    : 0.4409
--------------------------------------------------------------------------------
df_text_idea_max_split
--------------------------------------------------------------------------------
Accuracy all     : 0.5772
test_scores      : ['0.4715', '0.5285', '0.4553']
Accuracy cv mean : 0.4851
Accuracy cv std  : 0.0314
Accuracy test    : 0.4624
--------------------------------------------------------------------------------
df_text_map_idea_max_split
--------------------------------------------------------------------------------
Accuracy all     : 0.6098
test_scores      : ['0.4065', '0.4553', '0.4146']
Accuracy cv mean : 0.4255
Accuracy cv std  : 0.0213
Accuracy test    : 0.4194
================================================================================
DecisionTreeClassifier
================================================================================
--------------------------------------------------------------------------------
df_feat_split
--------------------------------------------------------------------------------
Accuracy all     : 0.9621
test_scores      : ['0.3496', '0.3577', '0.3740']
Accuracy cv mean : 0.3604
Accuracy cv std  : 0.0101
Accuracy test    : 0.2903
--------------------------------------------------------------------------------
df_text_split
--------------------------------------------------------------------------------
Accuracy all     : 1.0000
test_scores      : ['0.3171', '0.4390', '0.4228']
Accuracy cv mean : 0.3930
Accuracy cv std  : 0.0541
Accuracy test    : 0.3548
--------------------------------------------------------------------------------
df_feat_text_split
--------------------------------------------------------------------------------
Accuracy all     : 1.0000
test_scores      : ['0.3496', '0.4228', '0.3902']
Accuracy cv mean : 0.3875
Accuracy cv std  : 0.0299
Accuracy test    : 0.3226
--------------------------------------------------------------------------------
df_text_map_split
--------------------------------------------------------------------------------
Accuracy all     : 1.0000
test_scores      : ['0.3415', '0.3171', '0.2439']
Accuracy cv mean : 0.3008
Accuracy cv std  : 0.0415
Accuracy test    : 0.3333
--------------------------------------------------------------------------------
df_text_idea_avg_split
--------------------------------------------------------------------------------
Accuracy all     : 0.8591
test_scores      : ['0.4146', '0.4878', '0.4228']
Accuracy cv mean : 0.4417
Accuracy cv std  : 0.0327
Accuracy test    : 0.3656
--------------------------------------------------------------------------------
df_text_idea_max_split
--------------------------------------------------------------------------------
Accuracy all     : 0.8591
test_scores      : ['0.4065', '0.4553', '0.4715']
Accuracy cv mean : 0.4444
Accuracy cv std  : 0.0276
Accuracy test    : 0.4194
--------------------------------------------------------------------------------
df_text_map_idea_max_split
--------------------------------------------------------------------------------
Accuracy all     : 1.0000
test_scores      : ['0.4634', '0.4472', '0.4472']
Accuracy cv mean : 0.4526
Accuracy cv std  : 0.0077
Accuracy test    : 0.3441
================================================================================
RandomForestClassifier
================================================================================
--------------------------------------------------------------------------------
df_feat_split
--------------------------------------------------------------------------------
Accuracy all     : 0.9621
test_scores      : ['0.3902', '0.4065', '0.3821']
Accuracy cv mean : 0.3930
Accuracy cv std  : 0.0101
Accuracy test    : 0.3978
--------------------------------------------------------------------------------
df_text_split
--------------------------------------------------------------------------------
Accuracy all     : 1.0000
test_scores      : ['0.4634', '0.5528', '0.5285']
Accuracy cv mean : 0.5149
Accuracy cv std  : 0.0377
Accuracy test    : 0.3871
--------------------------------------------------------------------------------
df_feat_text_split
--------------------------------------------------------------------------------
Accuracy all     : 1.0000
test_scores      : ['0.4309', '0.5366', '0.5122']
Accuracy cv mean : 0.4932
Accuracy cv std  : 0.0452
Accuracy test    : 0.3871
--------------------------------------------------------------------------------
df_text_map_split
--------------------------------------------------------------------------------
Accuracy all     : 1.0000
test_scores      : ['0.4228', '0.4715', '0.4228']
Accuracy cv mean : 0.4390
Accuracy cv std  : 0.0230
Accuracy test    : 0.4301
--------------------------------------------------------------------------------
df_text_idea_avg_split
--------------------------------------------------------------------------------
Accuracy all     : 0.8591
test_scores      : ['0.4228', '0.5203', '0.4553']
Accuracy cv mean : 0.4661
Accuracy cv std  : 0.0406
Accuracy test    : 0.4194
--------------------------------------------------------------------------------
df_text_idea_max_split
--------------------------------------------------------------------------------
Accuracy all     : 0.8591
test_scores      : ['0.4715', '0.5285', '0.5041']
Accuracy cv mean : 0.5014
Accuracy cv std  : 0.0233
Accuracy test    : 0.4409
--------------------------------------------------------------------------------
df_text_map_idea_max_split
--------------------------------------------------------------------------------
Accuracy all     : 1.0000
test_scores      : ['0.4878', '0.5772', '0.5528']
Accuracy cv mean : 0.5393
Accuracy cv std  : 0.0377
Accuracy test    : 0.4624
================================================================================
GaussianProcessClassifier
================================================================================
--------------------------------------------------------------------------------
df_feat_split
--------------------------------------------------------------------------------
Accuracy all     : 0.6287
test_scores      : ['0.3415', '0.4472', '0.4472']
Accuracy cv mean : 0.4119
Accuracy cv std  : 0.0498
Accuracy test    : 0.3871
--------------------------------------------------------------------------------
df_text_split
--------------------------------------------------------------------------------
Accuracy all     : 1.0000
test_scores      : ['0.3740', '0.3740', '0.3089']
Accuracy cv mean : 0.3523
Accuracy cv std  : 0.0307
Accuracy test    : 0.3656
--------------------------------------------------------------------------------
df_feat_text_split
--------------------------------------------------------------------------------
Accuracy all     : 1.0000
test_scores      : ['0.3821', '0.3577', '0.3496']
Accuracy cv mean : 0.3631
Accuracy cv std  : 0.0138
Accuracy test    : 0.3333
--------------------------------------------------------------------------------
df_text_map_split
--------------------------------------------------------------------------------
Accuracy all     : 1.0000
test_scores      : ['0.0163', '0.0163', '0.0244']
Accuracy cv mean : 0.0190
Accuracy cv std  : 0.0038
Accuracy test    : 0.0215
--------------------------------------------------------------------------------
df_text_idea_avg_split
--------------------------------------------------------------------------------
Accuracy all     : 0.8591
test_scores      : ['0.2439', '0.3252', '0.2927']
Accuracy cv mean : 0.2873
Accuracy cv std  : 0.0334
Accuracy test    : 0.2473
--------------------------------------------------------------------------------
df_text_idea_max_split
--------------------------------------------------------------------------------
Accuracy all     : 0.8591
test_scores      : ['0.2439', '0.3171', '0.3008']
Accuracy cv mean : 0.2873
Accuracy cv std  : 0.0314
Accuracy test    : 0.2366
--------------------------------------------------------------------------------
df_text_map_idea_max_split
--------------------------------------------------------------------------------
Accuracy all     : 1.0000
test_scores      : ['0.0163', '0.0163', '0.0244']
Accuracy cv mean : 0.0190
Accuracy cv std  : 0.0038
Accuracy test    : 0.0215
================================================================================
Perceptron
================================================================================
--------------------------------------------------------------------------------
df_feat_split
--------------------------------------------------------------------------------
Accuracy all     : 0.3171
test_scores      : ['0.3740', '0.2439', '0.2683']
Accuracy cv mean : 0.2954
Accuracy cv std  : 0.0565
Accuracy test    : 0.2688
--------------------------------------------------------------------------------
df_text_split
--------------------------------------------------------------------------------
Accuracy all     : 0.5528
test_scores      : ['0.3984', '0.3821', '0.3821']
Accuracy cv mean : 0.3875
Accuracy cv std  : 0.0077
Accuracy test    : 0.3763
--------------------------------------------------------------------------------
df_feat_text_split
--------------------------------------------------------------------------------
Accuracy all     : 0.5149
test_scores      : ['0.3089', '0.3659', '0.3984']
Accuracy cv mean : 0.3577
Accuracy cv std  : 0.0370
Accuracy test    : 0.4086
--------------------------------------------------------------------------------
df_text_map_split
--------------------------------------------------------------------------------
Accuracy all     : 1.0000
test_scores      : ['0.3659', '0.3089', '0.3008']
Accuracy cv mean : 0.3252
Accuracy cv std  : 0.0289
Accuracy test    : 0.3656
--------------------------------------------------------------------------------
df_text_idea_avg_split
--------------------------------------------------------------------------------
Accuracy all     : 0.7967
test_scores      : ['0.3333', '0.3577', '0.3984']
Accuracy cv mean : 0.3631
Accuracy cv std  : 0.0268
Accuracy test    : 0.2796
--------------------------------------------------------------------------------
df_text_idea_max_split
--------------------------------------------------------------------------------
Accuracy all     : 0.6667
test_scores      : ['0.3333', '0.4472', '0.3171']
Accuracy cv mean : 0.3659
Accuracy cv std  : 0.0579
Accuracy test    : 0.2903
--------------------------------------------------------------------------------
df_text_map_idea_max_split
--------------------------------------------------------------------------------
Accuracy all     : 0.9756
test_scores      : ['0.3821', '0.3496', '0.3740']
Accuracy cv mean : 0.3686
Accuracy cv std  : 0.0138
Accuracy test    : 0.3656
================================================================================
MLPClassifier
================================================================================
--------------------------------------------------------------------------------
df_feat_split
--------------------------------------------------------------------------------
Accuracy all     : 0.5230
test_scores      : ['0.3415', '0.4146', '0.4065']
Accuracy cv mean : 0.3875
Accuracy cv std  : 0.0327
Accuracy test    : 0.4086
--------------------------------------------------------------------------------
df_text_split
--------------------------------------------------------------------------------
Accuracy all     : 0.9593
test_scores      : ['0.4228', '0.4228', '0.4309']
Accuracy cv mean : 0.4255
Accuracy cv std  : 0.0038
Accuracy test    : 0.4731
--------------------------------------------------------------------------------
df_feat_text_split
--------------------------------------------------------------------------------
Accuracy all     : 0.9485
test_scores      : ['0.3902', '0.4309', '0.4553']
Accuracy cv mean : 0.4255
Accuracy cv std  : 0.0268
Accuracy test    : 0.4731
--------------------------------------------------------------------------------
df_text_map_split
--------------------------------------------------------------------------------
Accuracy all     : 1.0000
test_scores      : ['0.3252', '0.3740', '0.3821']
Accuracy cv mean : 0.3604
Accuracy cv std  : 0.0251
Accuracy test    : 0.3871
--------------------------------------------------------------------------------
df_text_idea_avg_split
--------------------------------------------------------------------------------
Accuracy all     : 0.8482
test_scores      : ['0.4228', '0.5122', '0.4634']
Accuracy cv mean : 0.4661
Accuracy cv std  : 0.0366
Accuracy test    : 0.4409
--------------------------------------------------------------------------------
df_text_idea_max_split
--------------------------------------------------------------------------------
Accuracy all     : 0.8591
test_scores      : ['0.4472', '0.4715', '0.5203']
Accuracy cv mean : 0.4797
Accuracy cv std  : 0.0304
Accuracy test    : 0.4409
--------------------------------------------------------------------------------
df_text_map_idea_max_split
--------------------------------------------------------------------------------
Accuracy all     : 1.0000
test_scores      : ['0.4472', '0.4390', '0.4797']
Accuracy cv mean : 0.4553
Accuracy cv std  : 0.0176
Accuracy test    : 0.4086
